<?xml version="1.0" encoding="UTF-8"?>
<!-- Generated by org.testng.reporters.JUnitXMLReporter -->
<testsuite ignored="0" hostname="Bunny" failures="2" tests="3" name="Test" time="0.116" errors="0" timestamp="2022-11-15T15:42:52 IST">
  <testcase classname="com.qa.selenium.testng.java.TestngDemo" name="@BeforeTest open" time="-1.668507172501E9">
    <failure type="org.testng.TestNGException" message="
Parameter &amp;apos;browserName&amp;apos; is required by BeforeTest on method open but has not been marked @Optional or defined
in C:\Users\R Hridhay\eclipse-workspace\com.qa.selenium.testng\testng.xml">
      <![CDATA[org.testng.TestNGException: 
Parameter 'browserName' is required by BeforeTest on method open but has not been marked @Optional or defined
in C:\Users\R Hridhay\eclipse-workspace\com.qa.selenium.testng\testng.xml
... Removed 21 stack frames]]>
    </failure>
  </testcase> <!-- @BeforeTest open -->
  <testcase classname="com.qa.selenium.testng.java.TestngDemo" name="login" time="0.0">
    <skipped/>
  </testcase> <!-- login -->
  <testcase classname="com.qa.selenium.testng.java.TestngDemo" name="operation" time="0.0">
    <failure type="org.testng.TestNGException" message="
Parameter &amp;apos;userName&amp;apos; is required by @Test on method operation but has not been marked @Optional or defined
in C:\Users\R Hridhay\eclipse-workspace\com.qa.selenium.testng\testng.xml">
      <![CDATA[org.testng.TestNGException: 
Parameter 'userName' is required by @Test on method operation but has not been marked @Optional or defined
in C:\Users\R Hridhay\eclipse-workspace\com.qa.selenium.testng\testng.xml
at java.base/java.util.ArrayList.forEach(ArrayList.java:1511)
... Removed 26 stack frames]]>
    </failure>
  </testcase> <!-- operation -->
  <testcase classname="com.qa.selenium.testng.java.TestngDemo" name="urlOpen" time="0.0">
    <failure type="org.testng.TestNGException" message="
Parameter &amp;apos;url&amp;apos; is required by @Test on method urlOpen but has not been marked @Optional or defined
in C:\Users\R Hridhay\eclipse-workspace\com.qa.selenium.testng\testng.xml">
      <![CDATA[org.testng.TestNGException: 
Parameter 'url' is required by @Test on method urlOpen but has not been marked @Optional or defined
in C:\Users\R Hridhay\eclipse-workspace\com.qa.selenium.testng\testng.xml
at java.base/java.util.ArrayList.forEach(ArrayList.java:1511)
... Removed 26 stack frames]]>
    </failure>
  </testcase> <!-- urlOpen -->
</testsuite> <!-- Test -->
